<?xml version="1.0" encoding="UTF-8"?>
<!-- Generated by org.testng.reporters.JUnitXMLReporter -->
<testsuite hostname="vdc01dlap0301" name="LoginPage" tests="14" failures="0" timestamp="3 Jun 2016 11:09:12 GMT" time="679.638" errors="0">
    
  <testcase name="test_TC_VerifyLoginScreen" time="15.341" classname="Tests.LoginTests"/>
  <testcase name="test_TC_VerifyLoginWithValidUsernamePassword" time="40.304" classname="Tests.LoginTests"/>
  <testcase name="test_TC_VerifyLoginWithValidEmailPassword" time="40.331" classname="Tests.LoginTests"/>
  <testcase name="test_TC_VerifyLoginWithInvalidCredentials" time="32.864" classname="Tests.LoginTests"/>
  <testcase name="test_TC_VerifyLoginWithInvalidCredentials" time="32.237" classname="Tests.LoginTests"/>
  <testcase name="test_TC_VerifyLoginWithInvalidCredentials" time="33.599" classname="Tests.LoginTests"/>
  <testcase name="test_TC_VerifyLoginWithBlankCredentials" time="31.48" classname="Tests.LoginTests"/>
  <testcase name="test_TC_VerifyForgotPasswordScreenDetails" time="16.582" classname="Tests.LoginTests"/>
  <testcase name="test_TC_VerifyForgotPasswordScreenWithValidUsernameEmail" time="35.138" classname="Tests.LoginTests"/>
  <testcase name="test_TC_VerifyForgotPasswordScreenWithInvalidUsernameEmail" time="39.255" classname="Tests.LoginTests"/>
  <testcase name="test_TC_VerifyForgotPasswordNavigateToLogin" time="41.345" classname="Tests.LoginTests"/>
  <testcase name="test_TC_VerifyNavigateToHomeScreen" time="44.12" classname="Tests.LoginTests"/>
  <testcase name="test_TC_VerifyForgotPasswordScreenClearErrorMsg" time="44.104" classname="Tests.LoginTests"/>
  <testcase name="test_TC_VerifyTapBackWhenErrorOccured" time="34.222" classname="Tests.LoginTests"/>
</testsuite> <!-- LoginPage -->
