<?xml version="1.0" encoding="UTF-8"?>
<!-- Generated by org.testng.reporters.JUnitXMLReporter -->
<testsuite hostname="vdc01dlap0301" name="PlaylistPage" tests="12" failures="1" timestamp="3 Jun 2016 11:47:04 GMT" time="716.217" errors="0">
  <testcase name="test_TC_VerifyPlayListDetails" time="37.258" classname="Tests.PlaylistTests"/>
  <testcase name="test_TC_VerifyPlayListTitle" time="35.12" classname="Tests.PlaylistTests"/>
  <testcase name="test_TC_VerifyPlayListsMenuTitle" time="35.53" classname="Tests.PlaylistTests"/>
  <testcase name="test_TC_VerifyToastHidesOnScroll" time="41.563" classname="Tests.PlaylistTests">
    <failure type="java.lang.NullPointerException">
      <![CDATA[java.lang.NullPointerException
	at Pages.PlaylistPage.confirmEmailNotExists(PlaylistPage.java:95)
	at Tests.PlaylistTests.test_TC_VerifyToastHidesOnScroll(PlaylistTests.java:76)
	at sun.reflect.NativeMethodAccessorImpl.invoke0(Native Method)
	at sun.reflect.NativeMethodAccessorImpl.invoke(Unknown Source)
	at sun.reflect.DelegatingMethodAccessorImpl.invoke(Unknown Source)
	at java.lang.reflect.Method.invoke(Unknown Source)
	at org.testng.internal.MethodInvocationHelper.invokeMethod(MethodInvocationHelper.java:85)
	at org.testng.internal.Invoker.invokeMethod(Invoker.java:639)
	at org.testng.internal.Invoker.invokeTestMethod(Invoker.java:821)
	at org.testng.internal.Invoker.invokeTestMethods(Invoker.java:1131)
	at org.testng.internal.TestMethodWorker.invokeTestMethods(TestMethodWorker.java:125)
	at org.testng.internal.TestMethodWorker.run(TestMethodWorker.java:108)
	at org.testng.TestRunner.privateRun(TestRunner.java:773)
	at org.testng.TestRunner.run(TestRunner.java:623)
	at org.testng.SuiteRunner.runTest(SuiteRunner.java:357)
	at org.testng.SuiteRunner.runSequentially(SuiteRunner.java:352)
	at org.testng.SuiteRunner.privateRun(SuiteRunner.java:310)
	at org.testng.SuiteRunner.run(SuiteRunner.java:259)
	at org.testng.SuiteRunnerWorker.runSuite(SuiteRunnerWorker.java:52)
	at org.testng.SuiteRunnerWorker.run(SuiteRunnerWorker.java:86)
	at org.testng.TestNG.runSuitesSequentially(TestNG.java:1185)
	at org.testng.TestNG.runSuitesLocally(TestNG.java:1110)
	at org.testng.TestNG.run(TestNG.java:1018)
	at org.apache.maven.surefire.testng.TestNGExecutor.run(TestNGExecutor.java:281)
	at org.apache.maven.surefire.testng.TestNGXmlTestSuite.execute(TestNGXmlTestSuite.java:75)
	at org.apache.maven.surefire.testng.TestNGProvider.invoke(TestNGProvider.java:121)
	at org.apache.maven.surefire.booter.ForkedBooter.invokeProviderInSameClassLoader(ForkedBooter.java:290)
	at org.apache.maven.surefire.booter.ForkedBooter.runSuitesInProcess(ForkedBooter.java:242)
	at org.apache.maven.surefire.booter.ForkedBooter.main(ForkedBooter.java:121)
]]>
    </failure>
  </testcase> <!-- test_TC_VerifyToastHidesOnScroll -->
  <testcase name="test_TC_VerifyToastNotificationExists" time="41.057" classname="Tests.PlaylistTests"/>
  <testcase name="test_TC_VerifyOnSwipeToastNotificationDismiss" time="41.3" classname="Tests.PlaylistTests"/>
  <testcase name="test_TC_VerifyTapOnToastNotification" time="41.722" classname="Tests.PlaylistTests"/>
  <testcase name="test_TC_VerifyEmailScreen" time="44.259" classname="Tests.PlaylistTests"/>
  <testcase name="test_TC_VerifyTapOnResendConfirmationButton" time="51.079" classname="Tests.PlaylistTests"/>
  <testcase name="test_TC_VerifyToastNotificationExistsOnlyInPlaylistsTab" time="42.107" classname="Tests.PlaylistTests"/>
  <testcase name="test_TC_VerifyPlaylistScrollDownAll" time="49.668" classname="Tests.PlaylistTests"/>
  <testcase name="test_TC_VerifyPlaylistScrollUpAll" time="73.776" classname="Tests.PlaylistTests"/>
</testsuite> <!-- PlaylistPage -->
