<?xml version="1.0" encoding="UTF-8"?>
<!-- Generated by org.testng.reporters.JUnitXMLReporter -->
<testsuite hostname="vdc01dlap0301" name="SignUpPage" tests="29" failures="0" timestamp="3 Jun 2016 11:28:11 GMT" time="1139.182" errors="0">
  <testcase name="test_TC_VerifySignUpScreen" time="16.023" classname="Tests.SignUpTests"/>
  <testcase name="test_TC_VerifyBackButtonFunctionality" time="16.164" classname="Tests.SignUpTests"/>
  <testcase name="test_TC_VerifyUsernameTextField" time="15.634" classname="Tests.SignUpTests"/>
  <testcase name="test_TC_VerifyUsernameWithInvalidData" time="22.25" classname="Tests.SignUpTests"/>
  <testcase name="test_TC_VerifyUsernameWithInvalidData" time="22.946" classname="Tests.SignUpTests"/>
  <testcase name="test_TC_VerifyUsernameWithInvalidData" time="23.154" classname="Tests.SignUpTests"/>
  <testcase name="test_TC_VerifyUsernameWithValidData" time="21.803" classname="Tests.SignUpTests"/>
  <testcase name="test_TC_VerifyUsernameWithValidData" time="20.776" classname="Tests.SignUpTests"/>
  <testcase name="test_TC_VerifyUsernameWithValidData" time="21.657" classname="Tests.SignUpTests"/>
  <testcase name="test_TC_VerifyEmailTextField" time="15.462" classname="Tests.SignUpTests"/>
  <testcase name="test_TC_VerifyEmailWithInvalidData" time="27.21" classname="Tests.SignUpTests"/>
  <testcase name="test_TC_VerifyEmailWithInvalidData" time="27.008" classname="Tests.SignUpTests"/>
  <testcase name="test_TC_VerifyEmailWithInvalidData" time="26.396" classname="Tests.SignUpTests"/>
  <testcase name="test_TC_VerifyEmailWithValidData" time="28.022" classname="Tests.SignUpTests"/>
  <testcase name="test_TC_VerifyEmailWithValidData" time="28.314" classname="Tests.SignUpTests"/>
  <testcase name="test_TC_VerifyEmailWithValidData" time="29.483" classname="Tests.SignUpTests"/>
  <testcase name="test_TC_VerifyEmailAlreadyExists" time="27.821" classname="Tests.SignUpTests"/>
  <testcase name="test_TC_VerifyPasswordTextField" time="15.373" classname="Tests.SignUpTests"/>
  <testcase name="test_TC_VerifyPasswordLessThanSixCharacters" time="25.258" classname="Tests.SignUpTests"/>
  <testcase name="test_TC_VerifyPasswordLessThanSixCharacters" time="25.663" classname="Tests.SignUpTests"/>
  <testcase name="test_TC_VerifyPasswordLessThanSixCharacters" time="25.417" classname="Tests.SignUpTests"/>
  <testcase name="test_TC_VerifyPasswordWithValidData" time="24.889" classname="Tests.SignUpTests"/>
  <testcase name="test_TC_VerifyPasswordWithValidData" time="24.416" classname="Tests.SignUpTests"/>
  <testcase name="test_TC_VerifyPasswordWithValidData" time="25.682" classname="Tests.SignUpTests"/>
  <testcase name="test_TC_VerifyFooterMessage" time="17.255" classname="Tests.SignUpTests"/>
  <testcase name="test_TC_VerifyPrivacyPolicyLink" time="17.596" classname="Tests.SignUpTests"/>
  <testcase name="test_TC_VerifyTermsOfServiceLink" time="17.77" classname="Tests.SignUpTests"/>
  <testcase name="test_TC_VerifyTapBackWhenErrorOccured" time="32.935" classname="Tests.SignUpTests"/>
  <testcase name="test_TC_VerifyCompleteRegistrationOnTapOfDoneButton" time="56.468" classname="Tests.SignUpTests"/>
</testsuite> <!-- SignUpPage -->
