<?xml version="1.0" encoding="UTF-8"?>
<!-- Generated by org.testng.reporters.JUnitXMLReporter -->
<testsuite hostname="vdc01dlap0301" name="WelcomePage" tests="4" failures="0" timestamp="3 Jun 2016 10:57:52 GMT" time="114.583" errors="0">
  <testcase name="test_TC_VerifyWelcomeScreen" time="14.072" classname="Tests.WelcomeTests"/>
  <testcase name="test_TC_VerifySignUpButton" time="14.645" classname="Tests.WelcomeTests"/>
  <testcase name="test_TC_VerifyLoginButton" time="13.865" classname="Tests.WelcomeTests"/>
  <testcase name="test_TC_VerifyGuestUserLink" time="14.826" classname="Tests.WelcomeTests"/>
</testsuite> <!-- WelcomePage -->
