<?xml version="1.0" encoding="UTF-8"?>
<testng-results skipped="11" failed="0" total="11" passed="0">
  <reporter-output>
  </reporter-output>
  <suite name="Default suite" duration-ms="13490" started-at="2017-06-05T10:29:46Z" finished-at="2017-06-05T10:29:59Z">
    <groups>
    </groups>
    <test name="Default test" duration-ms="13490" started-at="2017-06-05T10:29:46Z" finished-at="2017-06-05T10:29:59Z">
      <class name="comcast.test.signup.VerifySignUpFormContents">
        <test-method status="PASS" signature="suiteSetUp()[pri:0, instance:comcast.test.signup.VerifySignUpFormContents@5bcab519]" name="suiteSetUp" is-config="true" duration-ms="14" started-at="2017-06-05T15:59:46Z" finished-at="2017-06-05T15:59:46Z">
          <reporter-output>
          </reporter-output>
        </test-method> <!-- suiteSetUp -->
        <test-method status="FAIL" signature="setUp()[pri:0, instance:comcast.test.signup.VerifySignUpFormContents@5bcab519]" name="setUp" is-config="true" duration-ms="0" started-at="2017-06-05T15:59:46Z" finished-at="2017-06-05T15:59:46Z">
          <exception class="org.openqa.selenium.WebDriverException">
            <message>
              <![CDATA[unknown error: cannot get automation extension
from unknown error: page could not be found: chrome-extension://aapnijgdinlhnhlmodcfapnahmbfebeb/_generated_background_page.html
  (Session info: chrome=58.0.3029.110)
  (Driver info: chromedriver=2.25.426923 (0390b88869384d6eb0d5d09729679f934aab9eed),platform=Windows NT 6.1.7601 SP1 x86_64) (WARNING: The server did not provide any stacktrace information)
Command duration or timeout: 10.12 seconds
Build info: version: '2.44.0', revision: '76d78cf', time: '2014-10-23 20:02:37'
System info: host: 'vdc01dllap0284', ip: '192.168.20.240', os.name: 'Windows 7', os.arch: 'amd64', os.version: '6.1', java.version: '1.8.0_45'
Driver info: org.openqa.selenium.chrome.ChromeDriver
Capabilities [{applicationCacheEnabled=false, rotatable=false, mobileEmulationEnabled=false, networkConnectionEnabled=false, chrome={chromedriverVersion=2.25.426923 (0390b88869384d6eb0d5d09729679f934aab9eed), userDataDir=C:\Users\RAVIND~1.PAR\AppData\Local\Temp\scoped_dir9836_31974}, takesHeapSnapshot=true, pageLoadStrategy=normal, databaseEnabled=false, handlesAlerts=true, hasTouchScreen=false, version=58.0.3029.110, platform=XP, browserConnectionEnabled=false, nativeEvents=true, acceptSslCerts=true, locationContextEnabled=true, webStorageEnabled=true, browserName=chrome, takesScreenshot=true, javascriptEnabled=true, cssSelectorsEnabled=true}]
Session ID: ffdf510099510098869665bdee28bc53]]>
            </message>
            <full-stacktrace>
              <![CDATA[org.openqa.selenium.WebDriverException: unknown error: cannot get automation extension
from unknown error: page could not be found: chrome-extension://aapnijgdinlhnhlmodcfapnahmbfebeb/_generated_background_page.html
  (Session info: chrome=58.0.3029.110)
  (Driver info: chromedriver=2.25.426923 (0390b88869384d6eb0d5d09729679f934aab9eed),platform=Windows NT 6.1.7601 SP1 x86_64) (WARNING: The server did not provide any stacktrace information)
Command duration or timeout: 10.12 seconds
Build info: version: '2.44.0', revision: '76d78cf', time: '2014-10-23 20:02:37'
System info: host: 'vdc01dllap0284', ip: '192.168.20.240', os.name: 'Windows 7', os.arch: 'amd64', os.version: '6.1', java.version: '1.8.0_45'
Driver info: org.openqa.selenium.chrome.ChromeDriver
Capabilities [{applicationCacheEnabled=false, rotatable=false, mobileEmulationEnabled=false, networkConnectionEnabled=false, chrome={chromedriverVersion=2.25.426923 (0390b88869384d6eb0d5d09729679f934aab9eed), userDataDir=C:\Users\RAVIND~1.PAR\AppData\Local\Temp\scoped_dir9836_31974}, takesHeapSnapshot=true, pageLoadStrategy=normal, databaseEnabled=false, handlesAlerts=true, hasTouchScreen=false, version=58.0.3029.110, platform=XP, browserConnectionEnabled=false, nativeEvents=true, acceptSslCerts=true, locationContextEnabled=true, webStorageEnabled=true, browserName=chrome, takesScreenshot=true, javascriptEnabled=true, cssSelectorsEnabled=true}]
Session ID: ffdf510099510098869665bdee28bc53
	at sun.reflect.NativeConstructorAccessorImpl.newInstance0(Native Method)
	at sun.reflect.NativeConstructorAccessorImpl.newInstance(Unknown Source)
	at sun.reflect.DelegatingConstructorAccessorImpl.newInstance(Unknown Source)
	at java.lang.reflect.Constructor.newInstance(Unknown Source)
	at org.openqa.selenium.remote.ErrorHandler.createThrowable(ErrorHandler.java:204)
	at org.openqa.selenium.remote.ErrorHandler.throwIfResponseFailed(ErrorHandler.java:156)
	at org.openqa.selenium.remote.RemoteWebDriver.execute(RemoteWebDriver.java:599)
	at org.openqa.selenium.remote.RemoteWebDriver$RemoteWebDriverOptions$RemoteWindow.maximize(RemoteWebDriver.java:829)
	at comcast.config.BaseTest.setUp(BaseTest.java:90)
	at sun.reflect.NativeMethodAccessorImpl.invoke0(Native Method)
	at sun.reflect.NativeMethodAccessorImpl.invoke(Unknown Source)
	at sun.reflect.DelegatingMethodAccessorImpl.invoke(Unknown Source)
	at java.lang.reflect.Method.invoke(Unknown Source)
	at org.testng.internal.MethodInvocationHelper.invokeMethod(MethodInvocationHelper.java:86)
	at org.testng.internal.Invoker.invokeConfigurationMethod(Invoker.java:515)
	at org.testng.internal.Invoker.invokeConfigurations(Invoker.java:216)
	at org.testng.internal.Invoker.invokeConfigurations(Invoker.java:143)
	at org.testng.TestRunner.beforeRun(TestRunner.java:656)
	at org.testng.TestRunner.run(TestRunner.java:624)
	at org.testng.SuiteRunner.runTest(SuiteRunner.java:366)
	at org.testng.SuiteRunner.runSequentially(SuiteRunner.java:361)
	at org.testng.SuiteRunner.privateRun(SuiteRunner.java:319)
	at org.testng.SuiteRunner.run(SuiteRunner.java:268)
	at org.testng.SuiteRunnerWorker.runSuite(SuiteRunnerWorker.java:52)
	at org.testng.SuiteRunnerWorker.run(SuiteRunnerWorker.java:86)
	at org.testng.TestNG.runSuitesSequentially(TestNG.java:1225)
	at org.testng.TestNG.runSuitesLocally(TestNG.java:1150)
	at org.testng.TestNG.runSuites(TestNG.java:1075)
	at org.testng.TestNG.run(TestNG.java:1047)
	at org.testng.remote.AbstractRemoteTestNG.run(AbstractRemoteTestNG.java:126)
	at org.testng.remote.RemoteTestNG.initAndRun(RemoteTestNG.java:137)
	at org.testng.remote.RemoteTestNG.main(RemoteTestNG.java:58)
]]>
            </full-stacktrace>
          </exception> <!-- org.openqa.selenium.WebDriverException -->
          <reporter-output>
          </reporter-output>
        </test-method> <!-- setUp -->
        <test-method status="SKIP" signature="Step01_NavigeteToURL()[pri:1, instance:comcast.test.signup.VerifySignUpFormContents@5bcab519]" name="Step01_NavigeteToURL" duration-ms="1" started-at="2017-06-05T15:59:59Z" description="Step 1: Open the browser, Enter the Watchable URL" finished-at="2017-06-05T15:59:59Z">
          <reporter-output>
          </reporter-output>
        </test-method> <!-- Step01_NavigeteToURL -->
        <test-method status="SKIP" signature="Step02_VerfiySignUpButton()[pri:2, instance:comcast.test.signup.VerifySignUpFormContents@5bcab519]" name="Step02_VerfiySignUpButton" duration-ms="1" started-at="2017-06-05T15:59:59Z" description="Step 2: Verify SIGN UP button is present in header." finished-at="2017-06-05T15:59:59Z">
          <reporter-output>
          </reporter-output>
        </test-method> <!-- Step02_VerfiySignUpButton -->
        <test-method status="SKIP" signature="Step03_ClickOnSignUpButton()[pri:3, instance:comcast.test.signup.VerifySignUpFormContents@5bcab519]" name="Step03_ClickOnSignUpButton" duration-ms="1" started-at="2017-06-05T15:59:59Z" description="Step 3: Click on SIGN UP button." finished-at="2017-06-05T15:59:59Z">
          <reporter-output>
          </reporter-output>
        </test-method> <!-- Step03_ClickOnSignUpButton -->
        <test-method status="SKIP" signature="Step04_VerifyHeadingInSignUp()[pri:4, instance:comcast.test.signup.VerifySignUpFormContents@5bcab519]" name="Step04_VerifyHeadingInSignUp" duration-ms="1" started-at="2017-06-05T15:59:59Z" description="Step 4: Verify heading is present in Sign up form." finished-at="2017-06-05T15:59:59Z">
          <reporter-output>
          </reporter-output>
        </test-method> <!-- Step04_VerifyHeadingInSignUp -->
        <test-method status="SKIP" signature="Step05_VerifyCloseButtonInSignUpForm()[pri:5, instance:comcast.test.signup.VerifySignUpFormContents@5bcab519]" name="Step05_VerifyCloseButtonInSignUpForm" duration-ms="3" started-at="2017-06-05T15:59:59Z" description="Step 5: Verify close(X) button is present in Signup form." finished-at="2017-06-05T15:59:59Z">
          <reporter-output>
          </reporter-output>
        </test-method> <!-- Step05_VerifyCloseButtonInSignUpForm -->
        <test-method status="SKIP" signature="Step06_VerifyUserNameTextBoxInSignUp()[pri:6, instance:comcast.test.signup.VerifySignUpFormContents@5bcab519]" name="Step06_VerifyUserNameTextBoxInSignUp" duration-ms="1" started-at="2017-06-05T15:59:59Z" description="Step 6: Verify user name text box is present in Signup form." finished-at="2017-06-05T15:59:59Z">
          <reporter-output>
          </reporter-output>
        </test-method> <!-- Step06_VerifyUserNameTextBoxInSignUp -->
        <test-method status="SKIP" signature="Step07_VerifyEmailTextBoxInSignUp()[pri:7, instance:comcast.test.signup.VerifySignUpFormContents@5bcab519]" name="Step07_VerifyEmailTextBoxInSignUp" duration-ms="0" started-at="2017-06-05T15:59:59Z" description="Step 7: Verify email text box is present in Signup form." finished-at="2017-06-05T15:59:59Z">
          <reporter-output>
          </reporter-output>
        </test-method> <!-- Step07_VerifyEmailTextBoxInSignUp -->
        <test-method status="SKIP" signature="Step08_VerifyPasswordTextBoxInSignUp()[pri:8, instance:comcast.test.signup.VerifySignUpFormContents@5bcab519]" name="Step08_VerifyPasswordTextBoxInSignUp" duration-ms="1" started-at="2017-06-05T15:59:59Z" description="Step 8: Verify password text box is present in Signup form." finished-at="2017-06-05T15:59:59Z">
          <reporter-output>
          </reporter-output>
        </test-method> <!-- Step08_VerifyPasswordTextBoxInSignUp -->
        <test-method status="SKIP" signature="Step09_VerifyTermAndConditionCheckBox()[pri:9, instance:comcast.test.signup.VerifySignUpFormContents@5bcab519]" name="Step09_VerifyTermAndConditionCheckBox" duration-ms="1" started-at="2017-06-05T15:59:59Z" description="Step 9: Verify term and condition check box is present in Signup form." finished-at="2017-06-05T15:59:59Z">
          <reporter-output>
          </reporter-output>
        </test-method> <!-- Step09_VerifyTermAndConditionCheckBox -->
        <test-method status="SKIP" signature="Step10_VerifyRecaptchaSelectOption()[pri:10, instance:comcast.test.signup.VerifySignUpFormContents@5bcab519]" name="Step10_VerifyRecaptchaSelectOption" duration-ms="1" started-at="2017-06-05T15:59:59Z" description="Step 10: Verify recaptcha selection option is present in Signup form." finished-at="2017-06-05T15:59:59Z">
          <reporter-output>
          </reporter-output>
        </test-method> <!-- Step10_VerifyRecaptchaSelectOption -->
        <test-method status="SKIP" signature="Step11_VerifyGetWatchingButton()[pri:11, instance:comcast.test.signup.VerifySignUpFormContents@5bcab519]" name="Step11_VerifyGetWatchingButton" duration-ms="1" started-at="2017-06-05T15:59:59Z" description="Step 11: Verify Get Watching! Button is present in Signup form." finished-at="2017-06-05T15:59:59Z">
          <reporter-output>
          </reporter-output>
        </test-method> <!-- Step11_VerifyGetWatchingButton -->
        <test-method status="SKIP" signature="tearDown()[pri:0, instance:comcast.test.signup.VerifySignUpFormContents@5bcab519]" name="tearDown" is-config="true" duration-ms="0" started-at="2017-06-05T15:59:59Z" finished-at="2017-06-05T15:59:59Z">
          <reporter-output>
          </reporter-output>
        </test-method> <!-- tearDown -->
      </class> <!-- comcast.test.signup.VerifySignUpFormContents -->
    </test> <!-- Default test -->
  </suite> <!-- Default suite -->
</testng-results>
